<?xml version="1.0" encoding="UTF-8"?>
<testsuite xmlns:xsi="http://www.w3.org/2001/XMLSchema-instance" xsi:noNamespaceSchemaLocation="https://maven.apache.org/surefire/maven-surefire-plugin/xsd/surefire-test-report.xsd" name="library.LibraryManagementSystemTest" time="0.044" tests="3" errors="0" skipped="0" failures="0">
  <properties>
[...]
</properties>
  <testcase name="testGetBooks" classname="library.LibraryManagementSystemTest" time="0.01"/>
  <testcase name="testAddBook" classname="library.LibraryManagementSystemTest" time="0.019"/>
  <testcase name="testFindBooksByAuthor" classname="library.LibraryManagementSystemTest" time="0.01"/>
</testsuite>